[09-Mar-2020 14:11:18] NOTICE: fpm is running, pid 54405
[09-Mar-2020 14:11:18] NOTICE: ready to handle connections
[09-Mar-2020 14:38:47] WARNING: [pool www] child 54413 said into stderr: "libpng warning: iCCP: known incorrect sRGB profile"
[09-Mar-2020 14:38:47] WARNING: [pool www] child 54413 said into stderr: "libpng warning: iCCP: known incorrect sRGB profile"
[09-Mar-2020 14:38:47] WARNING: [pool www] child 54413 said into stderr: "libpng warning: iCCP: known incorrect sRGB profile"
[09-Mar-2020 14:38:47] WARNING: [pool www] child 54413 said into stderr: "libpng warning: iCCP: known incorrect sRGB profile"
[09-Mar-2020 14:38:47] WARNING: [pool www] child 54413 said into stderr: "libpng warning: iCCP: known incorrect sRGB profile"
[09-Mar-2020 14:38:47] WARNING: [pool www] child 54413 said into stderr: "libpng warning: iCCP: known incorrect sRGB profile"
[09-Mar-2020 15:36:39] NOTICE: Terminating ...
[09-Mar-2020 15:36:39] NOTICE: Terminating ...
[09-Mar-2020 15:36:39] NOTICE: exiting, bye-bye!
[10-Mar-2020 14:26:02] NOTICE: fpm is running, pid 62481
[10-Mar-2020 14:26:03] NOTICE: ready to handle connections
[10-Mar-2020 20:01:57] NOTICE: Terminating ...
[10-Mar-2020 20:01:57] NOTICE: Terminating ...
[10-Mar-2020 20:01:57] NOTICE: exiting, bye-bye!
[11-Mar-2020 15:34:08] NOTICE: fpm is running, pid 61107
[11-Mar-2020 15:34:08] NOTICE: ready to handle connections
[11-Mar-2020 15:35:02] NOTICE: Terminating ...
[11-Mar-2020 15:35:02] NOTICE: Terminating ...
[11-Mar-2020 15:35:02] NOTICE: exiting, bye-bye!
[11-Mar-2020 15:35:05] NOTICE: fpm is running, pid 61163
[11-Mar-2020 15:35:05] NOTICE: ready to handle connections
[11-Mar-2020 16:31:42] NOTICE: Terminating ...
[11-Mar-2020 16:31:42] NOTICE: Terminating ...
[11-Mar-2020 16:31:42] NOTICE: exiting, bye-bye!
[23-Mar-2020 16:24:00] NOTICE: fpm is running, pid 70337
[23-Mar-2020 16:24:00] NOTICE: ready to handle connections
[23-Mar-2020 16:24:02] NOTICE: Terminating ...
[23-Mar-2020 16:24:02] NOTICE: Terminating ...
[23-Mar-2020 16:24:02] NOTICE: exiting, bye-bye!
[23-Mar-2020 16:24:16] NOTICE: fpm is running, pid 70371
[23-Mar-2020 16:24:16] NOTICE: ready to handle connections
[23-Mar-2020 16:38:34] NOTICE: Terminating ...
[23-Mar-2020 16:38:34] NOTICE: Terminating ...
[23-Mar-2020 16:38:34] NOTICE: exiting, bye-bye!
[24-Mar-2020 14:28:33] NOTICE: fpm is running, pid 80028
[24-Mar-2020 14:28:33] NOTICE: ready to handle connections
[24-Mar-2020 21:18:01] NOTICE: Terminating ...
[24-Mar-2020 21:18:01] NOTICE: Terminating ...
[24-Mar-2020 21:18:01] NOTICE: exiting, bye-bye!
[25-Mar-2020 15:03:05] NOTICE: fpm is running, pid 87666
[25-Mar-2020 15:03:05] NOTICE: ready to handle connections
[25-Mar-2020 16:00:59] NOTICE: Terminating ...
[25-Mar-2020 16:00:59] NOTICE: Terminating ...
[25-Mar-2020 16:00:59] NOTICE: exiting, bye-bye!
[27-Mar-2020 10:30:28] NOTICE: fpm is running, pid 4453
[27-Mar-2020 10:30:28] NOTICE: ready to handle connections
[27-Mar-2020 10:46:39] NOTICE: Terminating ...
[27-Mar-2020 10:46:39] NOTICE: Terminating ...
[27-Mar-2020 10:46:39] NOTICE: exiting, bye-bye!
[27-Mar-2020 11:33:33] NOTICE: fpm is running, pid 5776
[27-Mar-2020 11:33:33] NOTICE: ready to handle connections
[27-Mar-2020 13:44:45] NOTICE: Terminating ...
[27-Mar-2020 13:44:45] NOTICE: Terminating ...
[27-Mar-2020 13:44:45] NOTICE: exiting, bye-bye!
[30-Mar-2020 09:04:09] NOTICE: fpm is running, pid 8007
[30-Mar-2020 09:04:09] NOTICE: ready to handle connections
[30-Mar-2020 10:37:14] NOTICE: Terminating ...
[30-Mar-2020 10:37:14] NOTICE: Terminating ...
[30-Mar-2020 10:37:14] NOTICE: exiting, bye-bye!
[31-Mar-2020 09:29:44] NOTICE: fpm is running, pid 7254
[31-Mar-2020 09:29:44] NOTICE: ready to handle connections
[31-Mar-2020 11:14:08] NOTICE: Terminating ...
[31-Mar-2020 11:14:08] NOTICE: Terminating ...
[31-Mar-2020 11:14:08] NOTICE: exiting, bye-bye!
[16-Oct-2020 14:41:00] NOTICE: fpm is running, pid 54529
[16-Oct-2020 14:41:00] NOTICE: ready to handle connections
[16-Oct-2020 14:41:02] NOTICE: Terminating ...
[16-Oct-2020 14:41:02] NOTICE: Terminating ...
[16-Oct-2020 14:41:02] NOTICE: exiting, bye-bye!
