[06-Nov-2019 16:22:05] NOTICE: fpm is running, pid 22135
[06-Nov-2019 16:22:05] NOTICE: ready to handle connections
[06-Nov-2019 16:24:16] NOTICE: Terminating ...
[06-Nov-2019 16:24:16] NOTICE: Terminating ...
[06-Nov-2019 16:24:16] NOTICE: exiting, bye-bye!
[06-Nov-2019 16:24:43] NOTICE: fpm is running, pid 22264
[06-Nov-2019 16:24:43] NOTICE: ready to handle connections
[06-Nov-2019 16:48:10] NOTICE: Terminating ...
[06-Nov-2019 16:48:10] NOTICE: Terminating ...
[06-Nov-2019 16:48:10] NOTICE: exiting, bye-bye!
[07-Nov-2019 14:32:47] NOTICE: fpm is running, pid 32137
[07-Nov-2019 14:32:47] NOTICE: ready to handle connections
[07-Nov-2019 16:57:55] NOTICE: Terminating ...
[07-Nov-2019 16:57:55] NOTICE: Terminating ...
[07-Nov-2019 16:57:55] NOTICE: exiting, bye-bye!
[08-Nov-2019 13:37:55] NOTICE: fpm is running, pid 42576
[08-Nov-2019 13:37:55] NOTICE: ready to handle connections
[08-Nov-2019 15:21:07] NOTICE: Terminating ...
[08-Nov-2019 15:21:07] NOTICE: Terminating ...
[08-Nov-2019 15:21:07] NOTICE: exiting, bye-bye!
[12-Nov-2019 15:32:34] NOTICE: fpm is running, pid 74743
[12-Nov-2019 15:32:34] NOTICE: ready to handle connections
[12-Nov-2019 16:21:20] NOTICE: Terminating ...
[12-Nov-2019 16:21:20] NOTICE: Terminating ...
[12-Nov-2019 16:21:20] NOTICE: exiting, bye-bye!
[13-Nov-2019 15:06:35] NOTICE: fpm is running, pid 87044
[13-Nov-2019 15:06:35] NOTICE: ready to handle connections
[13-Nov-2019 15:06:42] NOTICE: Terminating ...
[13-Nov-2019 15:06:42] NOTICE: Terminating ...
[13-Nov-2019 15:06:42] NOTICE: exiting, bye-bye!
[13-Nov-2019 15:06:46] NOTICE: fpm is running, pid 87082
[13-Nov-2019 15:06:46] NOTICE: ready to handle connections
[13-Nov-2019 16:11:24] NOTICE: Terminating ...
[13-Nov-2019 16:11:24] NOTICE: Terminating ...
[13-Nov-2019 16:11:24] NOTICE: exiting, bye-bye!
[14-Nov-2019 14:23:35] NOTICE: fpm is running, pid 98425
[14-Nov-2019 14:23:35] NOTICE: ready to handle connections
[14-Nov-2019 16:03:33] NOTICE: Terminating ...
[14-Nov-2019 16:03:33] NOTICE: Terminating ...
[14-Nov-2019 16:03:33] NOTICE: exiting, bye-bye!
[15-Nov-2019 14:43:33] NOTICE: fpm is running, pid 1726
[15-Nov-2019 14:43:33] NOTICE: ready to handle connections
[15-Nov-2019 17:31:15] NOTICE: Terminating ...
[15-Nov-2019 17:31:15] NOTICE: Terminating ...
[15-Nov-2019 17:31:15] NOTICE: exiting, bye-bye!
[16-Nov-2019 13:39:24] NOTICE: fpm is running, pid 9354
[16-Nov-2019 13:39:24] NOTICE: ready to handle connections
[16-Nov-2019 14:03:00] NOTICE: Terminating ...
[16-Nov-2019 14:03:00] NOTICE: Terminating ...
[16-Nov-2019 14:03:00] NOTICE: exiting, bye-bye!
[18-Nov-2019 13:53:48] NOTICE: fpm is running, pid 2008
[18-Nov-2019 13:53:48] NOTICE: ready to handle connections
[18-Nov-2019 14:29:06] NOTICE: Terminating ...
[18-Nov-2019 14:29:06] NOTICE: Terminating ...
[18-Nov-2019 14:29:06] NOTICE: exiting, bye-bye!
[19-Nov-2019 15:24:12] NOTICE: fpm is running, pid 14872
[19-Nov-2019 15:24:12] NOTICE: ready to handle connections
[19-Nov-2019 18:57:39] NOTICE: Terminating ...
[19-Nov-2019 18:57:39] NOTICE: Terminating ...
[19-Nov-2019 18:57:39] NOTICE: exiting, bye-bye!
[20-Nov-2019 15:24:53] NOTICE: fpm is running, pid 27803
[20-Nov-2019 15:24:53] NOTICE: ready to handle connections
[20-Nov-2019 16:51:00] NOTICE: Terminating ...
[20-Nov-2019 16:51:00] NOTICE: Terminating ...
[20-Nov-2019 16:51:00] NOTICE: exiting, bye-bye!
[22-Nov-2019 13:49:37] NOTICE: fpm is running, pid 17945
[22-Nov-2019 13:49:37] NOTICE: ready to handle connections
[22-Nov-2019 14:58:59] NOTICE: Terminating ...
[22-Nov-2019 14:58:59] NOTICE: Terminating ...
[22-Nov-2019 14:58:59] NOTICE: exiting, bye-bye!
[10-Dec-2019 14:03:39] NOTICE: fpm is running, pid 79678
[10-Dec-2019 14:03:39] NOTICE: ready to handle connections
[10-Dec-2019 15:10:41] NOTICE: Terminating ...
[10-Dec-2019 15:10:41] NOTICE: Terminating ...
[10-Dec-2019 15:10:41] NOTICE: exiting, bye-bye!
[11-Dec-2019 14:22:16] NOTICE: fpm is running, pid 3111
[11-Dec-2019 14:22:16] NOTICE: ready to handle connections
[11-Dec-2019 15:35:39] NOTICE: Terminating ...
[11-Dec-2019 15:35:39] NOTICE: Terminating ...
[11-Dec-2019 15:35:39] NOTICE: exiting, bye-bye!
[12-Dec-2019 15:24:37] NOTICE: fpm is running, pid 12763
[12-Dec-2019 15:24:37] NOTICE: ready to handle connections
[12-Dec-2019 16:28:11] NOTICE: Terminating ...
[12-Dec-2019 16:28:11] NOTICE: Terminating ...
[12-Dec-2019 16:28:11] NOTICE: exiting, bye-bye!
